[19-Dec-2024 18:06:30 Asia/Manila] PHP Fatal error:  Uncaught Error: Call to a member function fetch_assoc() on bool in C:\xampp\htdocs\sidequest\register.php:11
Stack trace:
#0 {main}
  thrown in C:\xampp\htdocs\sidequest\register.php on line 11
[19-Dec-2024 18:11:30 Asia/Manila] PHP Notice:  session_start(): Ignoring session_start() because a session is already active in C:\xampp\htdocs\sidequest\register.php on line 39
[19-Dec-2024 11:12:25 Europe/Berlin] PHP Warning:  ini_set(): Session ini settings cannot be changed when a session is active in C:\xampp\htdocs\sidequest\includes\config.php on line 47
[19-Dec-2024 11:12:25 Europe/Berlin] PHP Warning:  ini_set(): Session ini settings cannot be changed when a session is active in C:\xampp\htdocs\sidequest\includes\config.php on line 48
[19-Dec-2024 11:12:25 Europe/Berlin] PHP Warning:  ini_set(): Session ini settings cannot be changed when a session is active in C:\xampp\htdocs\sidequest\includes\config.php on line 49
[19-Dec-2024 18:12:25 Asia/Manila] PHP Notice:  session_start(): Ignoring session_start() because a session is already active in C:\xampp\htdocs\sidequest\includes\functions.php on line 2
[19-Dec-2024 18:14:01 Asia/Manila] Login attempt - POST data: Array
(
    [action] => login
    [email] => admin@sidequest.com
    [password] => password
)

[19-Dec-2024 18:14:01 Asia/Manila] User data found: Array
(
    [id] => 1
    [first_name] => Admin
    [last_name] => User
    [email] => admin@sidequest.com
    [password] => password
    [actual_password] => 
    [role] => admin
    [course_id] => 
    [room_number] => 
    [office_name] => 
    [is_active] => 1
    [created_at] => 2024-12-19 18:11:12
    [updated_at] => 2024-12-19 18:11:12
)

[19-Dec-2024 18:14:01 Asia/Manila] Session data: Array
(
    [success_message] => Registration successful! Please login.
    [user_id] => 1
    [role] => admin
    [name] => Admin User
)

[19-Dec-2024 18:14:49 Asia/Manila] Add faculty request received: Array
(
    [firstName] => Mary Rose
    [lastName] => Soberano
    [email] => mpsoberano@gmail.com
    [password] => 12345
    [roomNumber] => SC101
    [officeName] => NSTP
)

[19-Dec-2024 18:14:49 Asia/Manila] Faculty member added successfully: mpsoberano@gmail.com
[19-Dec-2024 18:16:21 Asia/Manila] Session data: Array
(
    [success_message] => Registration successful! Please login.
    [user_id] => 1
    [role] => admin
    [name] => Admin User
)

[19-Dec-2024 18:17:25 Asia/Manila] Error in add_faculty: roomNumber is required
[19-Dec-2024 18:17:33 Asia/Manila] Error in add_faculty: roomNumber is required
[19-Dec-2024 18:19:39 Asia/Manila] Session data: Array
(
    [success_message] => Registration successful! Please login.
    [user_id] => 1
    [role] => admin
    [name] => Admin User
)

[19-Dec-2024 18:20:50 Asia/Manila] Session data: Array
(
    [success_message] => Registration successful! Please login.
    [user_id] => 1
    [role] => admin
    [name] => Admin User
)

[19-Dec-2024 18:23:24 Asia/Manila] Session data: Array
(
    [success_message] => Registration successful! Please login.
    [user_id] => 1
    [role] => admin
    [name] => Admin User
)

[19-Dec-2024 18:25:41 Asia/Manila] Session data: Array
(
    [success_message] => Registration successful! Please login.
    [user_id] => 1
    [role] => admin
    [name] => Admin User
)

[19-Dec-2024 18:25:51 Asia/Manila] Session data: Array
(
    [success_message] => Registration successful! Please login.
    [user_id] => 1
    [role] => admin
    [name] => Admin User
)

[19-Dec-2024 18:26:33 Asia/Manila] Session data: Array
(
    [success_message] => Registration successful! Please login.
    [user_id] => 1
    [role] => admin
    [name] => Admin User
)

[19-Dec-2024 18:28:12 Asia/Manila] Session data: Array
(
    [success_message] => Registration successful! Please login.
    [user_id] => 1
    [role] => admin
    [name] => Admin User
)

[19-Dec-2024 18:30:12 Asia/Manila] Session data: Array
(
    [success_message] => Registration successful! Please login.
    [user_id] => 1
    [role] => admin
    [name] => Admin User
)

[19-Dec-2024 18:31:39 Asia/Manila] Session data: Array
(
    [success_message] => Registration successful! Please login.
    [user_id] => 1
    [role] => admin
    [name] => Admin User
)

[19-Dec-2024 18:33:33 Asia/Manila] Session data: Array
(
    [success_message] => Registration successful! Please login.
    [user_id] => 1
    [role] => admin
    [name] => Admin User
)

[19-Dec-2024 18:33:44 Asia/Manila] Session data: Array
(
    [success_message] => Registration successful! Please login.
    [user_id] => 1
    [role] => admin
    [name] => Admin User
)

[19-Dec-2024 18:33:52 Asia/Manila] Session data: Array
(
    [success_message] => Registration successful! Please login.
    [user_id] => 1
    [role] => admin
    [name] => Admin User
)

[19-Dec-2024 18:34:32 Asia/Manila] Session data: Array
(
    [success_message] => Registration successful! Please login.
    [user_id] => 1
    [role] => admin
    [name] => Admin User
)

[19-Dec-2024 18:35:28 Asia/Manila] Session data: Array
(
    [success_message] => Registration successful! Please login.
    [user_id] => 1
    [role] => admin
    [name] => Admin User
)

[19-Dec-2024 18:36:30 Asia/Manila] Session data: Array
(
    [success_message] => Registration successful! Please login.
    [user_id] => 1
    [role] => admin
    [name] => Admin User
)

[19-Dec-2024 18:36:36 Asia/Manila] Session data: Array
(
    [success_message] => Registration successful! Please login.
    [user_id] => 1
    [role] => admin
    [name] => Admin User
)

[19-Dec-2024 18:38:12 Asia/Manila] Session data: Array
(
    [success_message] => Registration successful! Please login.
    [user_id] => 1
    [role] => admin
    [name] => Admin User
)

[19-Dec-2024 18:38:24 Asia/Manila] Session data: Array
(
    [success_message] => Registration successful! Please login.
    [user_id] => 1
    [role] => admin
    [name] => Admin User
)

[19-Dec-2024 18:39:28 Asia/Manila] Session data: Array
(
    [success_message] => Registration successful! Please login.
    [user_id] => 1
    [role] => admin
    [name] => Admin User
)

[19-Dec-2024 18:40:06 Asia/Manila] Session data: Array
(
    [success_message] => Registration successful! Please login.
    [user_id] => 1
    [role] => admin
    [name] => Admin User
)

[19-Dec-2024 18:41:16 Asia/Manila] Session data: Array
(
    [success_message] => Registration successful! Please login.
    [user_id] => 1
    [role] => admin
    [name] => Admin User
)

[19-Dec-2024 18:42:12 Asia/Manila] Session data: Array
(
    [success_message] => Registration successful! Please login.
    [user_id] => 1
    [role] => admin
    [name] => Admin User
)

[19-Dec-2024 18:44:26 Asia/Manila] Session data: Array
(
    [success_message] => Registration successful! Please login.
    [user_id] => 1
    [role] => admin
    [name] => Admin User
)

[19-Dec-2024 18:45:29 Asia/Manila] Session data: Array
(
    [success_message] => Registration successful! Please login.
    [user_id] => 1
    [role] => admin
    [name] => Admin User
)

[19-Dec-2024 18:46:26 Asia/Manila] Login attempt - POST data: Array
(
    [action] => login
    [email] => admin@sidequest.com
    [password] => password
)

[19-Dec-2024 18:46:26 Asia/Manila] User data found: Array
(
    [id] => 1
    [first_name] => Admin
    [last_name] => User
    [email] => admin@sidequest.com
    [password] => password
    [actual_password] => 
    [role] => admin
    [course_id] => 
    [room_number] => 
    [office_name] => 
    [is_active] => 1
    [created_at] => 2024-12-19 18:11:12
    [updated_at] => 2024-12-19 18:11:12
)

[19-Dec-2024 18:46:26 Asia/Manila] Session data: Array
(
    [success_message] => Registration successful! Please login.
    [user_id] => 1
    [role] => admin
    [name] => Admin User
)

[19-Dec-2024 18:46:44 Asia/Manila] Login attempt - POST data: Array
(
    [action] => login
    [email] => rey@gmail.com
    [password] => 123123
)

[19-Dec-2024 18:46:44 Asia/Manila] User data found: Array
(
    [id] => 6
    [first_name] => Rey
    [last_name] => Sinabianan
    [email] => rey@gmail.com
    [password] => $2y$10$Bq4vqfXiTXLdpcVJdwoZSe6Tn0MTPvHFaIVs.GCbMdK.WSxpWUPiy
    [actual_password] => 123123
    [role] => student
    [course_id] => 8
    [room_number] => 
    [office_name] => 
    [is_active] => 1
    [created_at] => 2024-12-19 18:46:04
    [updated_at] => 2024-12-19 18:46:04
)

[19-Dec-2024 18:47:01 Asia/Manila] Auth error: Invalid action
[19-Dec-2024 18:47:41 Asia/Manila] Login attempt - POST data: Array
(
    [action] => login
    [email] => mpsoberano@gmail.com
    [password] => 12345
)

[19-Dec-2024 18:47:41 Asia/Manila] User data found: Array
(
    [id] => 3
    [first_name] => Mary Rose
    [last_name] => Soberano
    [email] => mpsoberano@gmail.com
    [password] => $2y$10$bpJiiLuAVvxCNLM.p1TIGOwsYDv.22xi6FDawTrLUKCF5QelTvBua
    [actual_password] => 12345
    [role] => faculty
    [course_id] => 
    [room_number] => SC101
    [office_name] => NSTP
    [is_active] => 1
    [created_at] => 2024-12-19 18:14:49
    [updated_at] => 2024-12-19 18:14:49
)

[19-Dec-2024 18:49:12 Asia/Manila] Login attempt - POST data: Array
(
    [action] => login
    [email] => admin@sidequest.com
    [password] => password
)

[19-Dec-2024 18:49:12 Asia/Manila] User data found: Array
(
    [id] => 1
    [first_name] => Admin
    [last_name] => User
    [email] => admin@sidequest.com
    [password] => password
    [actual_password] => 
    [role] => admin
    [course_id] => 
    [room_number] => 
    [office_name] => 
    [is_active] => 1
    [created_at] => 2024-12-19 18:11:12
    [updated_at] => 2024-12-19 18:11:12
)

[19-Dec-2024 18:49:12 Asia/Manila] Session data: Array
(
    [user_id] => 1
    [role] => admin
    [name] => Admin User
)

[19-Dec-2024 19:04:43 Asia/Manila] Session data: Array
(
    [user_id] => 1
    [role] => admin
    [name] => Admin User
)

[19-Dec-2024 19:06:32 Asia/Manila] Session data: Array
(
    [user_id] => 1
    [role] => admin
    [name] => Admin User
)

[19-Dec-2024 19:07:53 Asia/Manila] Session data: Array
(
    [user_id] => 1
    [role] => admin
    [name] => Admin User
)

[19-Dec-2024 19:09:21 Asia/Manila] Session data: Array
(
    [user_id] => 1
    [role] => admin
    [name] => Admin User
)

[19-Dec-2024 19:12:32 Asia/Manila] Session data: Array
(
    [user_id] => 1
    [role] => admin
    [name] => Admin User
)

[19-Dec-2024 19:12:59 Asia/Manila] Session data: Array
(
    [user_id] => 1
    [role] => admin
    [name] => Admin User
)

[19-Dec-2024 19:15:29 Asia/Manila] Session data: Array
(
    [user_id] => 1
    [role] => admin
    [name] => Admin User
)

[19-Dec-2024 19:16:43 Asia/Manila] Session data: Array
(
    [user_id] => 1
    [role] => admin
    [name] => Admin User
)

[19-Dec-2024 19:17:30 Asia/Manila] Session data: Array
(
    [user_id] => 1
    [role] => admin
    [name] => Admin User
)

[19-Dec-2024 19:18:20 Asia/Manila] Session data: Array
(
    [user_id] => 1
    [role] => admin
    [name] => Admin User
)

[19-Dec-2024 19:18:59 Asia/Manila] Session data: Array
(
    [user_id] => 1
    [role] => admin
    [name] => Admin User
)

[19-Dec-2024 19:20:21 Asia/Manila] Session data: Array
(
    [user_id] => 1
    [role] => admin
    [name] => Admin User
)

[19-Dec-2024 19:22:05 Asia/Manila] Login attempt - POST data: Array
(
    [action] => login
    [email] => 20221071@nbsc.edu.ph
    [password] => 121221
)

[19-Dec-2024 19:22:05 Asia/Manila] User data found: Array
(
    [id] => 2
    [first_name] => Jam 
    [last_name] => Piodos
    [email] => 20221071@nbsc.edu.ph
    [password] => $2y$10$QL1mxtQS7mHi/P8/clf3pujzoM5ROH13A8cmb1kCYG8Wr5G70AYkK
    [actual_password] => 121221
    [role] => student
    [course_id] => 8
    [room_number] => 
    [office_name] => 
    [is_active] => 1
    [created_at] => 2024-12-19 18:13:41
    [updated_at] => 2024-12-19 18:37:04
)

[19-Dec-2024 19:23:00 Asia/Manila] Login attempt - POST data: Array
(
    [action] => login
    [email] => admin@sidequest.com
    [password] => password
)

[19-Dec-2024 19:23:00 Asia/Manila] User data found: Array
(
    [id] => 1
    [first_name] => Admin
    [last_name] => User
    [email] => admin@sidequest.com
    [password] => password
    [actual_password] => 
    [role] => admin
    [course_id] => 
    [room_number] => 
    [office_name] => 
    [is_active] => 1
    [created_at] => 2024-12-19 18:11:12
    [updated_at] => 2024-12-19 18:11:12
)

[19-Dec-2024 19:23:00 Asia/Manila] Session data: Array
(
    [user_id] => 1
    [role] => admin
    [name] => Admin User
)

[19-Dec-2024 19:23:14 Asia/Manila] PHP Fatal error:  Uncaught Error: Call to a member function bind_param() on bool in C:\xampp\htdocs\sidequest\includes\get_student.php:28
Stack trace:
#0 {main}
  thrown in C:\xampp\htdocs\sidequest\includes\get_student.php on line 28
[19-Dec-2024 19:25:03 Asia/Manila] Login attempt - POST data: Array
(
    [action] => login
    [email] => admin@sidequest.com
    [password] => password
)

[19-Dec-2024 19:25:03 Asia/Manila] User data found: Array
(
    [id] => 1
    [first_name] => Admin
    [last_name] => User
    [email] => admin@sidequest.com
    [password] => password
    [actual_password] => 
    [role] => admin
    [course_id] => 
    [room_number] => 
    [office_name] => 
    [is_active] => 1
    [created_at] => 2024-12-19 18:11:12
    [updated_at] => 2024-12-19 18:11:12
)

[19-Dec-2024 19:25:03 Asia/Manila] Session data: Array
(
    [user_id] => 1
    [role] => admin
    [name] => Admin User
)

[19-Dec-2024 19:25:22 Asia/Manila] PHP Fatal error:  Uncaught Error: Call to a member function bind_param() on bool in C:\xampp\htdocs\sidequest\includes\get_student.php:28
Stack trace:
#0 {main}
  thrown in C:\xampp\htdocs\sidequest\includes\get_student.php on line 28
[19-Dec-2024 19:25:40 Asia/Manila] Session data: Array
(
    [user_id] => 1
    [role] => admin
    [name] => Admin User
)

[19-Dec-2024 19:25:53 Asia/Manila] PHP Fatal error:  Uncaught Error: Call to a member function bind_param() on bool in C:\xampp\htdocs\sidequest\includes\get_student.php:28
Stack trace:
#0 {main}
  thrown in C:\xampp\htdocs\sidequest\includes\get_student.php on line 28
[19-Dec-2024 19:26:56 Asia/Manila] Session data: Array
(
    [user_id] => 1
    [role] => admin
    [name] => Admin User
)

[19-Dec-2024 19:27:24 Asia/Manila] Error in get_student_list: Error fetching students: Unknown column 'u.course' in 'field list'
[19-Dec-2024 19:28:26 Asia/Manila] Session data: Array
(
    [user_id] => 1
    [role] => admin
    [name] => Admin User
)

[19-Dec-2024 19:28:56 Asia/Manila] PHP Fatal error:  Uncaught Error: Call to a member function bind_param() on bool in C:\xampp\htdocs\sidequest\includes\get_student.php:28
Stack trace:
#0 {main}
  thrown in C:\xampp\htdocs\sidequest\includes\get_student.php on line 28
[19-Dec-2024 19:29:49 Asia/Manila] Session data: Array
(
    [user_id] => 1
    [role] => admin
    [name] => Admin User
)

[19-Dec-2024 19:30:00 Asia/Manila] PHP Fatal error:  Uncaught Error: Call to a member function bind_param() on bool in C:\xampp\htdocs\sidequest\includes\get_student.php:28
Stack trace:
#0 {main}
  thrown in C:\xampp\htdocs\sidequest\includes\get_student.php on line 28
[19-Dec-2024 19:30:50 Asia/Manila] Session data: Array
(
    [user_id] => 1
    [role] => admin
    [name] => Admin User
)

[19-Dec-2024 19:31:46 Asia/Manila] Session data: Array
(
    [user_id] => 1
    [role] => admin
    [name] => Admin User
)

[19-Dec-2024 19:34:28 Asia/Manila] Session data: Array
(
    [user_id] => 1
    [role] => admin
    [name] => Admin User
)

[19-Dec-2024 22:14:11 Asia/Manila] Session data: Array
(
    [last_activity] => 1734617588
    [last_regeneration] => 1734616660
    [user_id] => 7
    [role] => admin
)

[19-Dec-2024 22:14:59 Asia/Manila] Login attempt - POST data: Array
(
    [action] => login
    [email] => admin@sidequest.com
    [password] => password
)

[19-Dec-2024 22:14:59 Asia/Manila] User data found: Array
(
    [id] => 7
    [first_name] => System
    [last_name] => Administrator
    [email] => admin@sidequest.com
    [password] => $2y$10$wJHjej.E2vnFjxUjZL/YreUZg9mC/.rvlm.bo064ObREipW5vO4Ra
    [actual_password] => Admin@123
    [role] => admin
    [course_id] => 
    [room_number] => 
    [office_name] => 
    [is_active] => 1
    [created_at] => 2024-12-19 20:56:54
    [updated_at] => 2024-12-19 20:56:54
)

[19-Dec-2024 22:14:59 Asia/Manila] Auth error: Invalid credentials
[19-Dec-2024 22:22:22 Asia/Manila] Login attempt - POST data: Array
(
    [action] => login
    [email] => admin@sidequest.com
    [password] => password
)

[19-Dec-2024 22:22:22 Asia/Manila] User data found: Array
(
    [id] => 7
    [first_name] => System
    [last_name] => Administrator
    [email] => admin@sidequest.com
    [password] => $2y$10$wJHjej.E2vnFjxUjZL/YreUZg9mC/.rvlm.bo064ObREipW5vO4Ra
    [actual_password] => Admin@123
    [role] => admin
    [course_id] => 
    [room_number] => 
    [office_name] => 
    [is_active] => 1
    [created_at] => 2024-12-19 20:56:54
    [updated_at] => 2024-12-19 20:56:54
)

[19-Dec-2024 22:22:22 Asia/Manila] Auth error: Invalid credentials
[19-Dec-2024 22:26:02 Asia/Manila] Admin login attempt for admin@sidequest.com: failed
[19-Dec-2024 22:26:02 Asia/Manila] Login error for admin@sidequest.com: Invalid email or password
[19-Dec-2024 22:27:09 Asia/Manila] Login error for admin@example.com: Invalid email or password
[19-Dec-2024 22:29:24 Asia/Manila] Login attempt - Email: admin@example.com
[19-Dec-2024 22:29:24 Asia/Manila] User data found: Array
(
    [id] => 1
    [first_name] => Admin
    [last_name] => User
    [email] => admin@example.com
    [password] => admin123
    [actual_password] => admin123
    [role] => admin
    [course_id] => 
    [room_number] => 
    [office_name] => 
    [is_active] => 1
    [created_at] => 2024-12-19 22:28:54
    [updated_at] => 2024-12-19 22:28:54
)

[19-Dec-2024 22:29:24 Asia/Manila] Admin login attempt - Password comparison: Input='admin123' vs Stored='admin123'
[19-Dec-2024 22:29:24 Asia/Manila] Admin login validation result: success
[19-Dec-2024 22:29:25 Asia/Manila] Session data: Array
(
    [last_activity] => 1734617588
    [last_regeneration] => 1734616660
    [user_id] => 1
    [role] => admin
    [name] => Admin User
)

[19-Dec-2024 22:30:41 Asia/Manila] Session data: Array
(
    [last_activity] => 1734617588
    [last_regeneration] => 1734616660
    [user_id] => 1
    [role] => admin
    [name] => Admin User
)

[19-Dec-2024 22:35:20 Asia/Manila] Login attempt - Email: rsinabianan@gmail.com
[19-Dec-2024 22:35:20 Asia/Manila] User data found: Array
(
    [id] => 2
    [first_name] => Rey
    [last_name] => Sinaniban
    [email] => rsinabianan@gmail.com
    [password] => $2y$10$vv1Dpo3h/pkx39t8unKuou8svf0/dw9mXV3URreCMEYLk1mATzmzi
    [actual_password] => 123123
    [role] => faculty
    [course_id] => 
    [room_number] => SC101
    [office_name] => NSTP
    [is_active] => 1
    [created_at] => 2024-12-19 22:32:28
    [updated_at] => 2024-12-19 22:32:55
)

[19-Dec-2024 22:35:20 Asia/Manila] User login validation result: success
[19-Dec-2024 22:43:49 Asia/Manila] Login attempt - Email: ljtasic@gmail.com
[19-Dec-2024 22:43:49 Asia/Manila] User data found: Array
(
    [id] => 3
    [first_name] => Lovelaine Joy
    [last_name] => Tasic
    [email] => ljtasic@gmail.com
    [password] => $2y$10$1jsrF8./JfG1jX10bomot.JPFjh.KiAw9sAOBxZ5/L/Xgty1.gSBO
    [actual_password] => 123456
    [role] => faculty
    [course_id] => 
    [room_number] => SC110
    [office_name] => SAS
    [is_active] => 1
    [created_at] => 2024-12-19 22:33:57
    [updated_at] => 2024-12-19 22:34:29
)

[19-Dec-2024 22:43:49 Asia/Manila] User login validation result: success
[19-Dec-2024 22:44:15 Asia/Manila] Login attempt - Email: rsinabianan@gmail.com
[19-Dec-2024 22:44:15 Asia/Manila] User data found: Array
(
    [id] => 2
    [first_name] => Rey
    [last_name] => Sinaniban
    [email] => rsinabianan@gmail.com
    [password] => $2y$10$vv1Dpo3h/pkx39t8unKuou8svf0/dw9mXV3URreCMEYLk1mATzmzi
    [actual_password] => 123123
    [role] => faculty
    [course_id] => 
    [room_number] => SC101
    [office_name] => NSTP
    [is_active] => 1
    [created_at] => 2024-12-19 22:32:28
    [updated_at] => 2024-12-19 22:32:55
)

[19-Dec-2024 22:44:15 Asia/Manila] User login validation result: success
[19-Dec-2024 22:44:41 Asia/Manila] Login attempt - Email: ljtasic@gmail.com
[19-Dec-2024 22:44:41 Asia/Manila] User data found: Array
(
    [id] => 3
    [first_name] => Lovelaine Joy
    [last_name] => Tasic
    [email] => ljtasic@gmail.com
    [password] => $2y$10$1jsrF8./JfG1jX10bomot.JPFjh.KiAw9sAOBxZ5/L/Xgty1.gSBO
    [actual_password] => 123456
    [role] => faculty
    [course_id] => 
    [room_number] => SC110
    [office_name] => SAS
    [is_active] => 1
    [created_at] => 2024-12-19 22:33:57
    [updated_at] => 2024-12-19 22:34:29
)

[19-Dec-2024 22:44:41 Asia/Manila] User login validation result: success
[19-Dec-2024 22:44:57 Asia/Manila] Login attempt - Email: admin@example.com
[19-Dec-2024 22:44:57 Asia/Manila] User data found: Array
(
    [id] => 1
    [first_name] => Admin
    [last_name] => User
    [email] => admin@example.com
    [password] => admin123
    [actual_password] => admin123
    [role] => admin
    [course_id] => 
    [room_number] => 
    [office_name] => 
    [is_active] => 1
    [created_at] => 2024-12-19 22:28:54
    [updated_at] => 2024-12-19 22:28:54
)

[19-Dec-2024 22:44:57 Asia/Manila] Admin login attempt - Password comparison: Input='admin123' vs Stored='admin123'
[19-Dec-2024 22:44:57 Asia/Manila] Admin login validation result: success
[19-Dec-2024 22:44:57 Asia/Manila] Session data: Array
(
    [user_id] => 1
    [role] => admin
    [name] => Admin User
)

[19-Dec-2024 22:46:08 Asia/Manila] Session data: Array
(
    [user_id] => 1
    [role] => admin
    [name] => Admin User
)

[19-Dec-2024 22:46:31 Asia/Manila] Login attempt - Email: jgsuello@gmail.com
[19-Dec-2024 22:46:31 Asia/Manila] User data found: Array
(
    [id] => 4
    [first_name] => Janine Grace  
    [last_name] => Suello
    [email] => jgsuello@gmail.com
    [password] => $2y$10$x.HdAmCCxyfAPmL6yvAaP.vA0MAY9S/rnYB2v4UxDs5mtzAZhJTeC
    [actual_password] => 2020
    [role] => faculty
    [course_id] => 
    [room_number] => SC105
    [office_name] => Research
    [is_active] => 1
    [created_at] => 2024-12-19 22:46:00
    [updated_at] => 2024-12-19 22:46:00
)

[19-Dec-2024 22:46:31 Asia/Manila] User login validation result: success
[19-Dec-2024 23:01:15 Asia/Manila] Session data: Array
(
    [user_id] => 1
    [role] => admin
    [name] => Admin User
)

[19-Dec-2024 23:03:36 Asia/Manila] Session data: Array
(
    [user_id] => 1
    [role] => admin
    [name] => Admin User
)

[19-Dec-2024 23:05:46 Asia/Manila] Session data: Array
(
    [user_id] => 1
    [role] => admin
    [name] => Admin User
)

[19-Dec-2024 23:10:07 Asia/Manila] Registration attempt - POST data: Array
(
    [firstName] => Alieza
    [lastName] => Balles
    [email] => aballes@gmail.com
    [course] => 8
    [password] => Alieza123
    [confirmPassword] => Alieza123
)

[19-Dec-2024 23:10:07 Asia/Manila] Registration error: course_id is required
[19-Dec-2024 23:10:07 Asia/Manila] Stack trace: #0 {main}
[19-Dec-2024 23:10:07 Asia/Manila] PHP Notice:  session_start(): Ignoring session_start() because a session is already active in C:\xampp\htdocs\sidequest\includes\register_process.php on line 118
[19-Dec-2024 23:40:08 Asia/Manila] Session data: Array
(
    [user_id] => 1
    [role] => admin
    [name] => Admin User
    [last_activity] => 1734622664
)

[19-Dec-2024 23:40:51 Asia/Manila] Session data: Array
(
    [user_id] => 1
    [role] => admin
    [name] => Admin User
)

[19-Dec-2024 23:48:12 Asia/Manila] Session data: Array
(
    [user_id] => 1
    [role] => admin
    [name] => Admin User
)

[19-Dec-2024 23:50:38 Asia/Manila] Session data: Array
(
    [user_id] => 1
    [role] => admin
    [name] => Admin User
)

[19-Dec-2024 23:53:08 Asia/Manila] Session data: Array
(
    [user_id] => 1
    [role] => admin
    [name] => Admin User
)

[19-Dec-2024 23:53:26 Asia/Manila] Error in update_student: Invalid input data
[19-Dec-2024 23:54:28 Asia/Manila] Session data: Array
(
    [user_id] => 1
    [role] => admin
    [name] => Admin User
)

[19-Dec-2024 23:55:35 Asia/Manila] Session data: Array
(
    [user_id] => 1
    [role] => admin
    [name] => Admin User
)

[19-Dec-2024 23:55:55 Asia/Manila] Error in update_student: No input data received
[19-Dec-2024 23:55:55 Asia/Manila] Stack trace: #0 {main}
[19-Dec-2024 23:56:49 Asia/Manila] Session data: Array
(
    [user_id] => 1
    [role] => admin
    [name] => Admin User
)

[19-Dec-2024 23:57:06 Asia/Manila] Raw input received: 
[19-Dec-2024 23:57:06 Asia/Manila] Update student error: JSON decode error: Syntax error
[19-Dec-2024 23:58:04 Asia/Manila] Session data: Array
(
    [user_id] => 1
    [role] => admin
    [name] => Admin User
)

[19-Dec-2024 23:58:25 Asia/Manila] Error in update_student: id is required
[19-Dec-2024 23:59:45 Asia/Manila] Session data: Array
(
    [user_id] => 1
    [role] => admin
    [name] => Admin User
)

[20-Dec-2024 00:00:05 Asia/Manila] Error in update_student: id is required
[20-Dec-2024 00:02:56 Asia/Manila] Session data: Array
(
    [user_id] => 1
    [role] => admin
    [name] => Admin User
)

[20-Dec-2024 00:03:14 Asia/Manila] Error in update_student: id is required
[20-Dec-2024 00:04:44 Asia/Manila] Session data: Array
(
    [user_id] => 1
    [role] => admin
    [name] => Admin User
)

[20-Dec-2024 00:05:11 Asia/Manila] POST data: Array
(
    [studentId] => 5
    [firstName] => Justine Kyle
    [lastName] => Remulta
    [email] => jkremulta@gmail.com
    [password] => remulta123
    [confirmPassword] => remulta123
    [course] => 8
)

[20-Dec-2024 00:05:11 Asia/Manila] Error in update_student.php: id is required
[20-Dec-2024 00:05:53 Asia/Manila] Session data: Array
(
    [user_id] => 1
    [role] => admin
    [name] => Admin User
)

[20-Dec-2024 00:07:03 Asia/Manila] Session data: Array
(
    [user_id] => 1
    [role] => admin
    [name] => Admin User
)

[20-Dec-2024 00:07:22 Asia/Manila] POST data: Array
(
    [studentId] => 5
    [firstName] => Justine Kyle
    [lastName] => Remulta
    [email] => jkremulta@gmail.com
    [password] => remulta123
    [confirmPassword] => remulta123
    [course] => 8
    [id] => 5
)

[20-Dec-2024 00:07:22 Asia/Manila] Database connection established: yes
[20-Dec-2024 00:07:22 Asia/Manila] Update query: 
        UPDATE users 
        SET first_name = ?,
            last_name = ?,
            email = ?,
            course_id = ?
    , password = ?, actual_password = ? WHERE id = ? AND role = 'student'
[20-Dec-2024 00:07:22 Asia/Manila] Parameters: Array
(
    [0] => Justine Kyle
    [1] => Remulta
    [2] => jkremulta@gmail.com
    [3] => 8
    [4] => $2y$10$F6hr56K2auj6hXReUtFKueRAVkEpwz4YGfBhhFvnTGdQSg4nTjow2
    [5] => remulta123
    [6] => 5
)

[20-Dec-2024 00:08:12 Asia/Manila] Login error for mlapiz@gmail.com: Invalid email or password
[20-Dec-2024 00:19:32 Asia/Manila] Session data: Array
(
    [user_id] => 7
    [role] => student
    [name] => Melody Lapiz
)

[20-Dec-2024 00:19:36 Asia/Manila] Session data: Array
(
    [user_id] => 7
    [role] => student
    [name] => Melody Lapiz
)

[19-Dec-2024 17:46:32 Europe/Berlin] PHP Notice:  session_start(): Ignoring session_start() because a session is already active in C:\xampp\htdocs\sidequest\includes\config.php on line 2
[20-Dec-2024 00:46:32 Asia/Manila] Login error for mlapiz@gmail.com: Invalid email or password
[19-Dec-2024 17:46:35 Europe/Berlin] PHP Notice:  session_start(): Ignoring session_start() because a session is already active in C:\xampp\htdocs\sidequest\includes\config.php on line 2
[20-Dec-2024 00:46:35 Asia/Manila] Login error for mlapiz@gmail.com: Invalid email or password
[19-Dec-2024 17:46:40 Europe/Berlin] PHP Notice:  session_start(): Ignoring session_start() because a session is already active in C:\xampp\htdocs\sidequest\includes\config.php on line 2
[19-Dec-2024 17:52:37 Europe/Berlin] PHP Notice:  session_start(): Ignoring session_start() because a session is already active in C:\xampp\htdocs\sidequest\includes\config.php on line 2
[19-Dec-2024 17:53:56 Europe/Berlin] PHP Notice:  session_start(): Ignoring session_start() because a session is already active in C:\xampp\htdocs\sidequest\includes\config.php on line 2
[19-Dec-2024 17:58:26 Europe/Berlin] PHP Notice:  session_start(): Ignoring session_start() because a session is already active in C:\xampp\htdocs\sidequest\includes\config.php on line 2
[19-Dec-2024 18:40:38 Europe/Berlin] PHP Notice:  session_start(): Ignoring session_start() because a session is already active in C:\xampp\htdocs\sidequest\includes\config.php on line 3
[19-Dec-2024 18:44:21 Europe/Berlin] PHP Notice:  session_start(): Ignoring session_start() because a session is already active in C:\xampp\htdocs\sidequest\includes\config.php on line 3
[19-Dec-2024 20:44:27 Europe/Berlin] PHP Notice:  session_start(): Ignoring session_start() because a session is already active in C:\xampp\htdocs\sidequest\includes\config.php on line 3
[19-Dec-2024 20:45:17 Europe/Berlin] PHP Notice:  session_start(): Ignoring session_start() because a session is already active in C:\xampp\htdocs\sidequest\includes\config.php on line 3
[19-Dec-2024 20:55:56 Europe/Berlin] PHP Notice:  session_start(): Ignoring session_start() because a session is already active in C:\xampp\htdocs\sidequest\includes\config.php on line 3
[19-Dec-2024 20:56:11 Europe/Berlin] PHP Notice:  session_start(): Ignoring session_start() because a session is already active in C:\xampp\htdocs\sidequest\includes\config.php on line 3
[19-Dec-2024 20:56:30 Europe/Berlin] PHP Notice:  session_start(): Ignoring session_start() because a session is already active in C:\xampp\htdocs\sidequest\includes\config.php on line 3
[19-Dec-2024 21:56:41 Europe/Berlin] PHP Notice:  session_start(): Ignoring session_start() because a session is already active in C:\xampp\htdocs\sidequest\includes\config.php on line 3
[19-Dec-2024 22:01:24 Europe/Berlin] PHP Notice:  session_start(): Ignoring session_start() because a session is already active in C:\xampp\htdocs\sidequest\includes\config.php on line 3
[19-Dec-2024 22:12:05 Europe/Berlin] PHP Notice:  session_start(): Ignoring session_start() because a session is already active in C:\xampp\htdocs\sidequest\includes\config.php on line 3
[19-Dec-2024 22:12:10 Europe/Berlin] PHP Notice:  session_start(): Ignoring session_start() because a session is already active in C:\xampp\htdocs\sidequest\includes\config.php on line 3
[19-Dec-2024 22:23:30 Europe/Berlin] PHP Notice:  session_start(): Ignoring session_start() because a session is already active in C:\xampp\htdocs\sidequest\includes\config.php on line 3
[19-Dec-2024 22:23:44 Europe/Berlin] PHP Notice:  session_start(): Ignoring session_start() because a session is already active in C:\xampp\htdocs\sidequest\includes\config.php on line 3
[19-Dec-2024 22:26:10 Europe/Berlin] PHP Notice:  session_start(): Ignoring session_start() because a session is already active in C:\xampp\htdocs\sidequest\includes\config.php on line 3
[19-Dec-2024 22:54:53 Europe/Berlin] PHP Notice:  session_start(): Ignoring session_start() because a session is already active in C:\xampp\htdocs\sidequest\includes\config.php on line 3
[19-Dec-2024 22:55:20 Europe/Berlin] PHP Notice:  session_start(): Ignoring session_start() because a session is already active in C:\xampp\htdocs\sidequest\includes\config.php on line 3
[19-Dec-2024 22:55:40 Europe/Berlin] PHP Notice:  session_start(): Ignoring session_start() because a session is already active in C:\xampp\htdocs\sidequest\includes\config.php on line 3
[19-Dec-2024 22:55:53 Europe/Berlin] PHP Notice:  session_start(): Ignoring session_start() because a session is already active in C:\xampp\htdocs\sidequest\includes\config.php on line 3
[19-Dec-2024 22:55:55 Europe/Berlin] PHP Notice:  session_start(): Ignoring session_start() because a session is already active in C:\xampp\htdocs\sidequest\includes\config.php on line 3
[19-Dec-2024 22:57:00 Europe/Berlin] PHP Notice:  session_start(): Ignoring session_start() because a session is already active in C:\xampp\htdocs\sidequest\includes\config.php on line 3
[19-Dec-2024 22:57:21 Europe/Berlin] PHP Notice:  session_start(): Ignoring session_start() because a session is already active in C:\xampp\htdocs\sidequest\includes\config.php on line 3
[19-Dec-2024 22:58:33 Europe/Berlin] PHP Notice:  session_start(): Ignoring session_start() because a session is already active in C:\xampp\htdocs\sidequest\includes\config.php on line 3
[19-Dec-2024 23:06:25 Europe/Berlin] PHP Notice:  session_start(): Ignoring session_start() because a session is already active in C:\xampp\htdocs\sidequest\includes\config.php on line 3
[19-Dec-2024 23:07:34 Europe/Berlin] PHP Notice:  session_start(): Ignoring session_start() because a session is already active in C:\xampp\htdocs\sidequest\includes\config.php on line 3
[19-Dec-2024 23:08:53 Europe/Berlin] PHP Notice:  session_start(): Ignoring session_start() because a session is already active in C:\xampp\htdocs\sidequest\includes\config.php on line 3
[19-Dec-2024 23:08:59 Europe/Berlin] PHP Notice:  session_start(): Ignoring session_start() because a session is already active in C:\xampp\htdocs\sidequest\includes\config.php on line 3
[19-Dec-2024 23:09:04 Europe/Berlin] PHP Notice:  session_start(): Ignoring session_start() because a session is already active in C:\xampp\htdocs\sidequest\includes\config.php on line 3
[19-Dec-2024 23:10:53 Europe/Berlin] PHP Notice:  session_start(): Ignoring session_start() because a session is already active in C:\xampp\htdocs\sidequest\includes\config.php on line 3
[19-Dec-2024 23:14:42 Europe/Berlin] PHP Notice:  session_start(): Ignoring session_start() because a session is already active in C:\xampp\htdocs\sidequest\includes\config.php on line 3
[19-Dec-2024 23:15:36 Europe/Berlin] PHP Notice:  session_start(): Ignoring session_start() because a session is already active in C:\xampp\htdocs\sidequest\includes\config.php on line 3
[19-Dec-2024 23:17:39 Europe/Berlin] PHP Notice:  session_start(): Ignoring session_start() because a session is already active in C:\xampp\htdocs\sidequest\includes\config.php on line 3
[19-Dec-2024 23:24:43 Europe/Berlin] PHP Notice:  session_start(): Ignoring session_start() because a session is already active in C:\xampp\htdocs\sidequest\includes\config.php on line 3
[19-Dec-2024 23:31:17 Europe/Berlin] PHP Notice:  session_start(): Ignoring session_start() because a session is already active in C:\xampp\htdocs\sidequest\includes\config.php on line 3
[19-Dec-2024 23:40:32 Europe/Berlin] PHP Notice:  session_start(): Ignoring session_start() because a session is already active in C:\xampp\htdocs\sidequest\includes\config.php on line 3
[19-Dec-2024 23:41:33 Europe/Berlin] PHP Notice:  session_start(): Ignoring session_start() because a session is already active in C:\xampp\htdocs\sidequest\includes\config.php on line 3
[19-Dec-2024 23:49:47 Europe/Berlin] PHP Notice:  session_start(): Ignoring session_start() because a session is already active in C:\xampp\htdocs\sidequest\includes\config.php on line 3
[19-Dec-2024 23:54:55 Europe/Berlin] PHP Notice:  session_start(): Ignoring session_start() because a session is already active in C:\xampp\htdocs\sidequest\includes\config.php on line 3
[20-Dec-2024 00:13:32 Europe/Berlin] PHP Notice:  session_start(): Ignoring session_start() because a session is already active in C:\xampp\htdocs\sidequest\includes\config.php on line 3
[20-Dec-2024 00:29:44 Europe/Berlin] PHP Notice:  session_start(): Ignoring session_start() because a session is already active in C:\xampp\htdocs\sidequest\includes\config.php on line 3
[20-Dec-2024 00:41:15 Europe/Berlin] PHP Notice:  session_start(): Ignoring session_start() because a session is already active in C:\xampp\htdocs\sidequest\includes\config.php on line 3
[20-Dec-2024 00:42:50 Europe/Berlin] PHP Notice:  session_start(): Ignoring session_start() because a session is already active in C:\xampp\htdocs\sidequest\includes\config.php on line 3
[20-Dec-2024 00:44:17 Europe/Berlin] PHP Notice:  session_start(): Ignoring session_start() because a session is already active in C:\xampp\htdocs\sidequest\includes\config.php on line 3
[20-Dec-2024 00:45:45 Europe/Berlin] PHP Notice:  session_start(): Ignoring session_start() because a session is already active in C:\xampp\htdocs\sidequest\includes\config.php on line 3
[20-Dec-2024 00:53:54 Europe/Berlin] PHP Notice:  session_start(): Ignoring session_start() because a session is already active in C:\xampp\htdocs\sidequest\includes\config.php on line 3
[20-Dec-2024 00:55:16 Europe/Berlin] PHP Notice:  session_start(): Ignoring session_start() because a session is already active in C:\xampp\htdocs\sidequest\includes\config.php on line 3
[20-Dec-2024 00:58:23 Europe/Berlin] PHP Notice:  session_start(): Ignoring session_start() because a session is already active in C:\xampp\htdocs\sidequest\includes\config.php on line 3
[20-Dec-2024 00:59:13 Europe/Berlin] PHP Notice:  session_start(): Ignoring session_start() because a session is already active in C:\xampp\htdocs\sidequest\includes\config.php on line 3
[24-Dec-2024 01:12:50 Europe/Berlin] PHP Notice:  session_start(): Ignoring session_start() because a session is already active in C:\xampp\htdocs\sidequest\includes\config.php on line 3
[24-Dec-2024 01:20:36 Europe/Berlin] PHP Notice:  session_start(): Ignoring session_start() because a session is already active in C:\xampp\htdocs\sidequest\includes\config.php on line 3
[24-Dec-2024 01:20:41 Europe/Berlin] PHP Notice:  session_start(): Ignoring session_start() because a session is already active in C:\xampp\htdocs\sidequest\includes\config.php on line 3
[24-Dec-2024 01:20:53 Europe/Berlin] PHP Notice:  session_start(): Ignoring session_start() because a session is already active in C:\xampp\htdocs\sidequest\includes\config.php on line 3
[24-Dec-2024 01:26:55 Europe/Berlin] PHP Notice:  session_start(): Ignoring session_start() because a session is already active in C:\xampp\htdocs\sidequest\includes\config.php on line 3
[24-Dec-2024 01:58:07 Europe/Berlin] PHP Notice:  session_start(): Ignoring session_start() because a session is already active in C:\xampp\htdocs\sidequest\includes\config.php on line 3
[24-Dec-2024 02:00:36 Europe/Berlin] PHP Notice:  session_start(): Ignoring session_start() because a session is already active in C:\xampp\htdocs\sidequest\includes\config.php on line 3
